Info: Generated by version: 24.1 build 115
Info: Starting: Create block symbol file (.bsf)
Info: qsys-generate D:\Projects\AXE5eagle\axe5_eagle_niosv_blinky\Qpro\ip\custom_pwm.ip --block-symbol-file --output-directory=D:\Projects\AXE5eagle\axe5_eagle_niosv_blinky\Qpro\ip\custom_pwm --family="Agilex 5" --part=A5ED065BB32AE4SR0
Warning: custom_pwm: Component type custom_pwm is not in the library
Error: custom_pwm.custom_pwm: Component custom_pwm 1.0 not found or could not be instantiated
Warning: custom_pwm.interface_requirements: Your system is missing the required interface "avalon_slave". Either export the interface, or edit your definitions in the Interface Requirements tab."
Warning: custom_pwm.interface_requirements: Your system is missing the required interface "interrupt_sender". Either export the interface, or edit your definitions in the Interface Requirements tab."
Warning: custom_pwm.interface_requirements: Your system is missing the required interface "clock". Either export the interface, or edit your definitions in the Interface Requirements tab."
Warning: custom_pwm.interface_requirements: Your system is missing the required interface "reset". Either export the interface, or edit your definitions in the Interface Requirements tab."
Warning: custom_pwm.interface_requirements: Your system is missing the required interface "conduit". Either export the interface, or edit your definitions in the Interface Requirements tab."
Error: Generation failed with exit code 3: 1 Error, 6 Warnings
Info: Finished: Create block symbol file (.bsf)
Info: 
Info: Starting: Create HDL design files for synthesis
Info: qsys-generate D:\Projects\AXE5eagle\axe5_eagle_niosv_blinky\Qpro\ip\custom_pwm.ip --synthesis=VERILOG --output-directory=D:\Projects\AXE5eagle\axe5_eagle_niosv_blinky\Qpro\ip\custom_pwm --family="Agilex 5" --part=A5ED065BB32AE4SR0
Warning: custom_pwm: Component type custom_pwm is not in the library
Error: custom_pwm.custom_pwm: Component custom_pwm 1.0 not found or could not be instantiated
Warning: custom_pwm.interface_requirements: Your system is missing the required interface "avalon_slave". Either export the interface, or edit your definitions in the Interface Requirements tab."
Warning: custom_pwm.interface_requirements: Your system is missing the required interface "interrupt_sender". Either export the interface, or edit your definitions in the Interface Requirements tab."
Warning: custom_pwm.interface_requirements: Your system is missing the required interface "clock". Either export the interface, or edit your definitions in the Interface Requirements tab."
Warning: custom_pwm.interface_requirements: Your system is missing the required interface "reset". Either export the interface, or edit your definitions in the Interface Requirements tab."
Warning: custom_pwm.interface_requirements: Your system is missing the required interface "conduit". Either export the interface, or edit your definitions in the Interface Requirements tab."
Error: Generation failed with exit code 3: 1 Error, 6 Warnings
Info: Finished: Create HDL design files for synthesis
